TN:
SF:src/pix/chave/chavePix.ts
FN:20,ChavePix
FN:29,validate
FNF:2
FNH:2
FNDA:2,ChavePix
FNDA:5,validate
DA:1,1
DA:2,1
DA:3,1
DA:4,1
DA:5,1
DA:6,1
DA:7,1
DA:8,1
DA:9,1
DA:10,1
DA:11,1
DA:12,1
DA:13,1
DA:14,1
DA:15,1
DA:16,1
DA:17,1
DA:18,1
DA:19,1
DA:20,1
DA:21,2
DA:22,2
DA:23,1
DA:24,1
DA:25,1
DA:26,1
DA:27,1
DA:28,1
DA:29,1
DA:30,5
DA:31,5
DA:32,5
DA:33,2
DA:34,2
DA:35,3
DA:36,5
DA:37,1
DA:38,1
DA:39,2
DA:40,2
DA:41,5
DA:42,2
DA:43,2
DA:44,5
DA:45,5
DA:46,1
DA:47,1
DA:48,1
DA:49,1
DA:50,1
DA:51,1
DA:52,1
DA:53,1
DA:54,1
LF:54
LH:54
BRDA:20,0,0,2
BRDA:29,1,0,5
BRDA:32,2,0,4
BRDA:32,3,0,0
BRDA:32,4,0,2
BRDA:35,5,0,3
BRDA:36,6,0,1
BRDA:39,7,0,2
BRDA:41,8,0,1
BRDA:41,9,0,2
BRF:10
BRH:9
end_of_record
TN:
SF:src/pix/chave/types/chavePixPhone.ts
FN:18,ChavePixPhone
FN:23,domainSpecificValidation
FN:41,create
FNF:3
FNH:3
FNDA:2,ChavePixPhone
FNDA:3,domainSpecificValidation
FNDA:3,create
DA:1,1
DA:2,1
DA:3,1
DA:4,1
DA:5,1
DA:6,1
DA:7,1
DA:8,1
DA:9,1
DA:10,1
DA:11,1
DA:12,1
DA:13,1
DA:14,1
DA:15,1
DA:16,1
DA:17,1
DA:18,1
DA:19,2
DA:20,2
DA:21,1
DA:22,1
DA:23,1
DA:24,3
DA:25,3
DA:26,3
DA:27,3
DA:28,3
DA:29,3
DA:30,3
DA:31,3
DA:32,3
DA:33,1
DA:34,1
DA:35,2
DA:36,2
DA:37,2
DA:38,2
DA:39,1
DA:40,1
DA:41,1
DA:42,3
DA:43,3
DA:44,3
DA:45,3
DA:46,3
DA:47,1
DA:48,1
LF:48
LH:48
BRDA:18,0,0,2
BRDA:23,1,0,3
BRDA:32,2,0,1
BRDA:35,3,0,2
BRDA:41,4,0,3
BRF:5
BRH:5
end_of_record
